<?xml version="1.0" encoding="UTF-8"?>
<testng-results ignored="0" total="1" passed="1" failed="0" skipped="0">
  <reporter-output>
  </reporter-output>
  <suite started-at="2025-09-21T20:15:33 EET" name="Default suite" finished-at="2025-09-21T20:15:49 EET" duration-ms="16000">
    <groups>
    </groups>
    <test started-at="2025-09-21T20:15:33 EET" name="Default test" finished-at="2025-09-21T20:15:49 EET" duration-ms="16000">
      <class name="Automation.Mytestcases">
        <test-method is-config="true" signature="mysetup()[pri:0, instance:Automation.Mytestcases@26bab2f1]" started-at="2025-09-21T20:15:33 EET" name="mysetup" finished-at="2025-09-21T20:15:36 EET" duration-ms="3364" status="PASS">
          <reporter-output>
          </reporter-output>
        </test-method> <!-- mysetup -->
        <test-method signature="signuptest()[pri:1, instance:Automation.Mytestcases@26bab2f1]" started-at="2025-09-21T20:15:36 EET" name="signuptest" finished-at="2025-09-21T20:15:49 EET" duration-ms="12578" status="PASS">
          <reporter-output>
          </reporter-output>
        </test-method> <!-- signuptest -->
      </class> <!-- Automation.Mytestcases -->
    </test> <!-- Default test -->
  </suite> <!-- Default suite -->
</testng-results>
